<?xml version="1.0" encoding="UTF-8"?>
<testng-results ignored="0" total="1" passed="1" failed="0" skipped="0">
  <reporter-output>
  </reporter-output>
  <suite started-at="2025-05-05T11:34:21 GMT-07:00" name="Suite" finished-at="2025-05-05T11:34:35 GMT-07:00" duration-ms="14013">
    <groups>
    </groups>
    <test started-at="2025-05-05T11:34:21 GMT-07:00" name="Test" finished-at="2025-05-05T11:34:35 GMT-07:00" duration-ms="14013">
      <class name="testCases.TC007_AddToWishListTest">
        <test-method is-config="true" signature="setup(java.lang.String, java.lang.String)[pri:0, instance:testCases.TC007_AddToWishListTest@30ee2816]" started-at="2025-05-05T11:34:22 GMT-07:00" name="setup" finished-at="2025-05-05T11:34:27 GMT-07:00" duration-ms="4952" status="PASS">
          <params>
            <param index="0">
              <value>
                <![CDATA[Windows]]>
              </value>
            </param>
            <param index="1">
              <value>
                <![CDATA[chrome]]>
              </value>
            </param>
          </params>
          <reporter-output>
          </reporter-output>
        </test-method> <!-- setup -->
        <test-method signature="verify_WishList()[pri:0, instance:testCases.TC007_AddToWishListTest@30ee2816]" started-at="2025-05-05T11:34:27 GMT-07:00" name="verify_WishList" finished-at="2025-05-05T11:34:35 GMT-07:00" duration-ms="8206" status="PASS">
          <reporter-output>
          </reporter-output>
        </test-method> <!-- verify_WishList -->
        <test-method is-config="true" signature="tearDown()[pri:0, instance:testCases.TC007_AddToWishListTest@30ee2816]" started-at="2025-05-05T11:34:35 GMT-07:00" name="tearDown" finished-at="2025-05-05T11:34:35 GMT-07:00" duration-ms="361" status="PASS">
          <reporter-output>
          </reporter-output>
        </test-method> <!-- tearDown -->
      </class> <!-- testCases.TC007_AddToWishListTest -->
    </test> <!-- Test -->
  </suite> <!-- Suite -->
</testng-results>
